[2026-03-20 13:42:38] [info] Start Program:
Path:"C:\\Users\\ashpynov\\source\\repos\\ashpynov\\AnyFSE\\AnyFSE\\build\\Debug\\AnyFSE.exe"
Arguments:
Working directory: not set.
Modules: Selected: * Excluded: 
Sources: Selected: C:\Users\ashpynov\source\repos\ashpynov\AnyFSE\AnyFSE Excluded: 
Log Level: Normal
Cover Children: 0
Aggregate by file: 1
Continue after C++ exception: 0
Optimized build support: 0
Export: cobertura C:\Users\ashpynov\source\repos\ashpynov\AnyFSE\AnyFSE\coverage.xml 
Input coverage: 
Unified diff: 
Excluded line regular expressions: 
Substitute pdb source paths: 
[2026-03-20 13:42:39] [info] Module: C:\Users\ashpynov\source\repos\ashpynov\AnyFSE\AnyFSE\build\Debug\AnyFSE.exe is selected because it matches selected pattern: *
[2026-03-20 13:42:39] [info] Module: C:\Windows\System32\ntdll.dll is selected because it matches selected pattern: *
[2026-03-20 13:42:39] [info] Module: C:\Windows\System32\kernel32.dll is selected because it matches selected pattern: *
[2026-03-20 13:42:39] [info] Module: C:\Windows\System32\KernelBase.dll is selected because it matches selected pattern: *
[2026-03-20 13:42:39] [info] Module: C:\Windows\System32\apphelp.dll is selected because it matches selected pattern: *
[2026-03-20 13:42:39] [info] Module: C:\Windows\System32\user32.dll is selected because it matches selected pattern: *
[2026-03-20 13:42:39] [info] Module: C:\Windows\System32\win32u.dll is selected because it matches selected pattern: *
[2026-03-20 13:42:39] [info] Module: C:\Windows\System32\gdi32.dll is selected because it matches selected pattern: *
[2026-03-20 13:42:39] [info] Module: C:\Windows\System32\gdi32full.dll is selected because it matches selected pattern: *
[2026-03-20 13:42:39] [info] Module: C:\Windows\System32\msvcp_win.dll is selected because it matches selected pattern: *
[2026-03-20 13:42:39] [info] Module: C:\Windows\System32\ucrtbase.dll is selected because it matches selected pattern: *
[2026-03-20 13:42:39] [info] Module: C:\Windows\System32\advapi32.dll is selected because it matches selected pattern: *
[2026-03-20 13:42:39] [info] Module: C:\Windows\System32\msvcrt.dll is selected because it matches selected pattern: *
[2026-03-20 13:42:39] [info] Module: C:\Windows\System32\sechost.dll is selected because it matches selected pattern: *
[2026-03-20 13:42:39] [info] Module: C:\Windows\System32\rpcrt4.dll is selected because it matches selected pattern: *
[2026-03-20 13:42:39] [info] Module: C:\Windows\System32\shell32.dll is selected because it matches selected pattern: *
[2026-03-20 13:42:39] [info] Module: C:\Windows\System32\WinTypes.dll is selected because it matches selected pattern: *
[2026-03-20 13:42:39] [info] Module: C:\Windows\System32\combase.dll is selected because it matches selected pattern: *
[2026-03-20 13:42:39] [info] Module: C:\Windows\System32\ole32.dll is selected because it matches selected pattern: *
[2026-03-20 13:42:39] [info] Module: C:\Windows\WinSxS\amd64_microsoft.windows.common-controls_6595b64144ccf1df_6.0.26100.7653_none_3e0b88a0e3318624\comctl32.dll is selected because it matches selected pattern: *
[2026-03-20 13:42:39] [info] Module: C:\Windows\System32\oleaut32.dll is selected because it matches selected pattern: *
[2026-03-20 13:42:39] [info] Module: C:\Windows\System32\mfplat.dll is selected because it matches selected pattern: *
[2026-03-20 13:42:39] [info] Module: C:\Windows\System32\dbghelp.dll is selected because it matches selected pattern: *
[2026-03-20 13:42:39] [info] Module: C:\Windows\System32\version.dll is selected because it matches selected pattern: *
[2026-03-20 13:42:39] [info] Module: C:\Windows\System32\MFPlay.dll is selected because it matches selected pattern: *
[2026-03-20 13:42:39] [info] Module: C:\Windows\System32\SHCore.dll is selected because it matches selected pattern: *
[2026-03-20 13:42:39] [info] Module: C:\Windows\System32\dbgcore.dll is selected because it matches selected pattern: *
[2026-03-20 13:42:39] [info] Module: C:\Windows\System32\imm32.dll is selected because it matches selected pattern: *
[2026-03-20 13:42:39] [info] Module: C:\Windows\System32\bcryptprimitives.dll is selected because it matches selected pattern: *
[2026-03-20 13:42:39] [info] Module: C:\Windows\System32\RTWorkQ.dll is selected because it matches selected pattern: *
[2026-03-20 13:42:39] [info] Module: C:\Windows\System32\gamemode.dll is selected because it matches selected pattern: *
[2026-03-20 13:42:39] [info] Module: C:\Windows\System32\kernel.appcore.dll is selected because it matches selected pattern: *
[2026-03-20 13:42:39] [info] Module: C:\Windows\System32\kernel.appcore.dll is selected because it matches selected pattern: *
[2026-03-20 13:42:39] [info] Module: C:\Windows\System32\clbcatq.dll is selected because it matches selected pattern: *
[2026-03-20 13:42:39] [info] Module: C:\Windows\System32\twinapi.appcore.dll is selected because it matches selected pattern: *
[2026-03-20 13:42:39] [info] Module: C:\Windows\System32\twinui.dll is selected because it matches selected pattern: *
[2026-03-20 13:42:39] [info] Module: C:\Windows\System32\windows.storage.dll is selected because it matches selected pattern: *
[2026-03-20 13:42:39] [info] Module: C:\Windows\System32\mscms.dll is selected because it matches selected pattern: *
[2026-03-20 13:42:39] [info] Module: C:\Windows\System32\gamemode.dll is selected because it matches selected pattern: *
[2026-03-20 13:42:39] [info] Module: C:\Windows\System32\DXCore.dll is selected because it matches selected pattern: *
[2026-03-20 13:42:39] [info] Module: C:\Windows\System32\AppResolver.dll is selected because it matches selected pattern: *
[2026-03-20 13:42:39] [info] Module: C:\Windows\System32\shlwapi.dll is selected because it matches selected pattern: *
[2026-03-20 13:42:39] [info] Module: C:\Windows\System32\userenv.dll is selected because it matches selected pattern: *
[2026-03-20 13:42:39] [info] Module: C:\Windows\System32\propsys.dll is selected because it matches selected pattern: *
[2026-03-20 13:42:39] [info] Module: C:\Windows\System32\BCP47Langs.dll is selected because it matches selected pattern: *
[2026-03-20 13:42:39] [info] Module: C:\Windows\System32\winsta.dll is selected because it matches selected pattern: *
[2026-03-20 13:42:39] [info] Module: C:\Windows\System32\linkinfo.dll is selected because it matches selected pattern: *
[2026-03-20 13:42:39] [info] Module: C:\Windows\System32\profapi.dll is selected because it matches selected pattern: *
[2026-03-20 13:42:39] [info] Module: C:\Windows\System32\iertutil.dll is selected because it matches selected pattern: *
[2026-03-20 13:42:39] [info] Module: C:\Windows\System32\srvcli.dll is selected because it matches selected pattern: *
[2026-03-20 13:42:39] [info] Module: C:\Windows\System32\netutils.dll is selected because it matches selected pattern: *
[2026-03-20 13:42:39] [info] Module: C:\Windows\System32\Windows.Web.dll is selected because it matches selected pattern: *
[2026-03-20 13:42:39] [info] Module: C:\Windows\System32\uxtheme.dll is selected because it matches selected pattern: *
[2026-03-20 13:42:39] [info] Module: C:\Windows\System32\OneCoreCommonProxyStub.dll is selected because it matches selected pattern: *
[2026-03-20 13:42:39] [info] Module: C:\Windows\System32\cfgmgr32.dll is selected because it matches selected pattern: *
[2026-03-20 13:42:39] [info] Module: C:\Windows\System32\urlmon.dll is selected because it matches selected pattern: *
[2026-03-20 13:42:39] [info] Module: C:\Windows\System32\Windows.FileExplorer.Common.dll is selected because it matches selected pattern: *
[2026-03-20 13:42:39] [info] Module: C:\Windows\System32\urlmon.dll is selected because it matches selected pattern: *
[2026-03-20 13:42:39] [info] Module: C:\Windows\System32\ntshrui.dll is selected because it matches selected pattern: *
[2026-03-20 13:42:39] [info] Module: C:\Windows\System32\cscapi.dll is selected because it matches selected pattern: *
[2026-03-20 13:42:39] [info] Module: C:\Windows\System32\urlmon.dll is selected because it matches selected pattern: *
[2026-03-20 13:42:39] [info] Module: C:\Windows\System32\urlmon.dll is selected because it matches selected pattern: *
[2026-03-20 13:42:39] [info] Module: C:\Windows\System32\policymanager.dll is selected because it matches selected pattern: *
[2026-03-20 13:42:39] [info] Module: C:\Windows\System32\bcrypt.dll is selected because it matches selected pattern: *
[2026-03-20 13:42:39] [info] Module: C:\Windows\System32\ntmarta.dll is selected because it matches selected pattern: *
[2026-03-20 13:42:39] [info] Module: C:\Users\ashpynov\source\repos\ashpynov\AnyFSE\AnyFSE\build\Debug\AnyFSE.Settings.dll is selected because it matches selected pattern: *
[2026-03-20 13:42:40] [info] Module: C:\Windows\System32\comdlg32.dll is selected because it matches selected pattern: *
[2026-03-20 13:42:40] [info] Module: C:\Windows\WinSxS\amd64_microsoft.windows.gdiplus_6595b64144ccf1df_1.1.26100.7653_none_6ef67b863dc3fff2\GdiPlus.dll is selected because it matches selected pattern: *
[2026-03-20 13:42:40] [info] Module: C:\Windows\System32\winhttp.dll is selected because it matches selected pattern: *
[2026-03-20 13:42:40] [info] Module: C:\Windows\System32\dwmapi.dll is selected because it matches selected pattern: *
[2026-03-20 13:42:40] [info] Module: C:\Windows\System32\urlmon.dll is selected because it matches selected pattern: *
[2026-03-20 13:42:40] [info] Module: C:\Windows\System32\msctf.dll is selected because it matches selected pattern: *
[2026-03-20 13:42:40] [info] Module: C:\Windows\System32\DWrite.dll is selected because it matches selected pattern: *
[2026-03-20 13:42:40] [info] Module: C:\Windows\System32\Windows.StateRepositoryCore.dll is selected because it matches selected pattern: *
[2026-03-20 13:42:40] [info] Module: C:\Windows\System32\WindowsCodecs.dll is selected because it matches selected pattern: *
[2026-03-20 13:42:41] [info] Module: C:\Windows\System32\TextInputFramework.dll is selected because it matches selected pattern: *
[2026-03-20 13:42:41] [info] Module: C:\Windows\System32\TextShaping.dll is selected because it matches selected pattern: *
[2026-03-20 13:42:55] [info] Module: C:\Windows\System32\ws2_32.dll is selected because it matches selected pattern: *
[2026-03-20 13:42:55] [info] Module: C:\Windows\System32\MpeHttpExt.dll is selected because it matches selected pattern: *
[2026-03-20 13:42:55] [info] Module: C:\Windows\System32\webio.dll is selected because it matches selected pattern: *
[2026-03-20 13:42:55] [info] Module: C:\Windows\System32\mswsock.dll is selected because it matches selected pattern: *
[2026-03-20 13:42:55] [info] Module: C:\Windows\System32\IPHLPAPI.DLL is selected because it matches selected pattern: *
[2026-03-20 13:42:55] [info] Module: C:\Windows\System32\winnsi.dll is selected because it matches selected pattern: *
[2026-03-20 13:42:55] [info] Module: C:\Windows\System32\nsi.dll is selected because it matches selected pattern: *
[2026-03-20 13:42:55] [info] Module: C:\Windows\System32\sspicli.dll is selected because it matches selected pattern: *
[2026-03-20 13:42:56] [info] Module: C:\Windows\System32\dnsapi.dll is selected because it matches selected pattern: *
[2026-03-20 13:42:56] [info] Module: C:\Windows\System32\rasadhlp.dll is selected because it matches selected pattern: *
[2026-03-20 13:42:56] [info] Module: C:\Windows\System32\FWPUCLNT.DLL is selected because it matches selected pattern: *
[2026-03-20 13:42:56] [info] Module: C:\Windows\System32\schannel.dll is selected because it matches selected pattern: *
[2026-03-20 13:42:56] [info] Module: C:\Windows\System32\ncrypt.dll is selected because it matches selected pattern: *
[2026-03-20 13:42:56] [info] Module: C:\Windows\System32\ntasn1.dll is selected because it matches selected pattern: *
[2026-03-20 13:42:56] [info] Module: C:\Windows\System32\ncryptsslp.dll is selected because it matches selected pattern: *
[2026-03-20 13:42:56] [info] Module: C:\Windows\System32\crypt32.dll is selected because it matches selected pattern: *
[2026-03-20 13:42:56] [info] Module: C:\Windows\System32\msasn1.dll is selected because it matches selected pattern: *
[2026-03-20 13:42:56] [info] Module: C:\Windows\System32\dpapi.dll is selected because it matches selected pattern: *
[2026-03-20 13:42:58] [info] Module: C:\Windows\System32\CoreMessaging.dll is selected because it matches selected pattern: *
[2026-03-20 13:42:58] [info] Module: C:\Windows\System32\CoreUIComponents.dll is selected because it matches selected pattern: *
[2026-03-20 13:42:58] [info] Module: C:\Windows\System32\cryptbase.dll is selected because it matches selected pattern: *
[2026-03-20 13:42:59] [info] Module: C:\Windows\System32\Windows.Shell.ServiceHostBuilder.dll is selected because it matches selected pattern: *
[2026-03-20 13:42:59] [info] Module: C:\Windows\System32\OneCoreUAPCommonProxyStub.dll is selected because it matches selected pattern: *
[2026-03-20 13:42:59] [info] Module: C:\Windows\System32\Windows.System.Launcher.dll is selected because it matches selected pattern: *
[2026-03-20 13:42:59] [info] Module: C:\Windows\System32\ieframe.dll is selected because it matches selected pattern: *
[2026-03-20 13:42:59] [info] Module: C:\Windows\System32\msIso.dll is selected because it matches selected pattern: *
[2026-03-20 13:42:59] [info] Module: C:\Windows\System32\secur32.dll is selected because it matches selected pattern: *
[2026-03-20 13:42:59] [info] Module: C:\Windows\System32\mlang.dll is selected because it matches selected pattern: *
[2026-03-20 13:42:59] [info] Module: C:\Windows\System32\wininet.dll is selected because it matches selected pattern: *
[2026-03-20 13:42:59] [info] Module: C:\Windows\System32\Windows.StateRepositoryPS.dll is selected because it matches selected pattern: *
[2026-03-20 13:42:59] [info] Module: C:\Windows\System32\Windows.StateRepositoryClient.dll is selected because it matches selected pattern: *
[2026-03-20 13:42:59] [info] Module: C:\Windows\System32\MrmCoreR.dll is selected because it matches selected pattern: *
[2026-03-20 13:42:59] [info] Module: C:\Windows\System32\AppXDeploymentClient.dll is selected because it matches selected pattern: *
[2026-03-20 13:42:59] [info] Module: C:\Windows\System32\imagehlp.dll is selected because it matches selected pattern: *
[2026-03-20 13:42:59] [info] Module: C:\Windows\System32\BCP47mrm.dll is selected because it matches selected pattern: *
[2026-03-20 13:42:59] [info] Module: C:\Windows\System32\Windows.UI.dll is selected because it matches selected pattern: *
[2026-03-20 13:42:59] [info] Module: C:\Windows\System32\AppXDeploymentClient.dll is selected because it matches selected pattern: *
[2026-03-20 13:42:59] [info] Module: C:\Windows\System32\imagehlp.dll is selected because it matches selected pattern: *
[2026-03-20 13:42:59] [info] Module: C:\Windows\System32\AppXDeploymentClient.dll is selected because it matches selected pattern: *
[2026-03-20 13:42:59] [info] Module: C:\Windows\System32\imagehlp.dll is selected because it matches selected pattern: *
[2026-03-20 13:42:59] [info] Module: C:\Windows\System32\AppXDeploymentClient.dll is selected because it matches selected pattern: *
[2026-03-20 13:42:59] [info] Module: C:\Windows\System32\imagehlp.dll is selected because it matches selected pattern: *
[2026-03-20 13:42:59] [info] Module: C:\Windows\System32\AppXDeploymentClient.dll is selected because it matches selected pattern: *
[2026-03-20 13:42:59] [info] Module: C:\Windows\System32\imagehlp.dll is selected because it matches selected pattern: *
[2026-03-20 13:42:59] [info] Module: C:\Windows\System32\AppXDeploymentClient.dll is selected because it matches selected pattern: *
[2026-03-20 13:42:59] [info] Module: C:\Windows\System32\imagehlp.dll is selected because it matches selected pattern: *
[2026-03-20 13:42:59] [info] Module: C:\Windows\System32\AppXDeploymentClient.dll is selected because it matches selected pattern: *
[2026-03-20 13:42:59] [info] Module: C:\Windows\System32\imagehlp.dll is selected because it matches selected pattern: *
[2026-03-20 13:42:59] [info] Module: C:\Windows\System32\AppXDeploymentClient.dll is selected because it matches selected pattern: *
[2026-03-20 13:42:59] [info] Module: C:\Windows\System32\imagehlp.dll is selected because it matches selected pattern: *
[2026-03-20 13:42:59] [info] Module: C:\Windows\System32\AppXDeploymentClient.dll is selected because it matches selected pattern: *
[2026-03-20 13:42:59] [info] Module: C:\Windows\System32\imagehlp.dll is selected because it matches selected pattern: *
[2026-03-20 13:42:59] [info] Module: C:\Windows\System32\AppXDeploymentClient.dll is selected because it matches selected pattern: *
[2026-03-20 13:42:59] [info] Module: C:\Windows\System32\imagehlp.dll is selected because it matches selected pattern: *
[2026-03-20 13:42:59] [info] Module: C:\Windows\System32\AppXDeploymentClient.dll is selected because it matches selected pattern: *
[2026-03-20 13:42:59] [info] Module: C:\Windows\System32\imagehlp.dll is selected because it matches selected pattern: *
[2026-03-20 13:42:59] [info] Module: C:\Windows\System32\AppXDeploymentClient.dll is selected because it matches selected pattern: *
[2026-03-20 13:42:59] [info] Module: C:\Windows\System32\imagehlp.dll is selected because it matches selected pattern: *
[2026-03-20 13:42:59] [info] Module: C:\Windows\System32\AppXDeploymentClient.dll is selected because it matches selected pattern: *
[2026-03-20 13:42:59] [info] Module: C:\Windows\System32\imagehlp.dll is selected because it matches selected pattern: *
[2026-03-20 13:42:59] [info] Module: C:\Windows\System32\AppXDeploymentClient.dll is selected because it matches selected pattern: *
[2026-03-20 13:42:59] [info] Module: C:\Windows\System32\imagehlp.dll is selected because it matches selected pattern: *
[2026-03-20 13:42:59] [info] Module: C:\Windows\System32\AppXDeploymentClient.dll is selected because it matches selected pattern: *
[2026-03-20 13:42:59] [info] Module: C:\Windows\System32\imagehlp.dll is selected because it matches selected pattern: *
[2026-03-20 13:42:59] [info] Module: C:\Windows\System32\AppXDeploymentClient.dll is selected because it matches selected pattern: *
[2026-03-20 13:42:59] [info] Module: C:\Windows\System32\imagehlp.dll is selected because it matches selected pattern: *
[2026-03-20 13:42:59] [info] Module: C:\Windows\System32\AppXDeploymentClient.dll is selected because it matches selected pattern: *
[2026-03-20 13:42:59] [info] Module: C:\Windows\System32\imagehlp.dll is selected because it matches selected pattern: *
[2026-03-20 13:42:59] [info] Module: C:\Windows\System32\AppXDeploymentClient.dll is selected because it matches selected pattern: *
[2026-03-20 13:42:59] [info] Module: C:\Windows\System32\imagehlp.dll is selected because it matches selected pattern: *
[2026-03-20 13:42:59] [info] Module: C:\Windows\System32\AppXDeploymentClient.dll is selected because it matches selected pattern: *
[2026-03-20 13:42:59] [info] Module: C:\Windows\System32\imagehlp.dll is selected because it matches selected pattern: *
[2026-03-20 13:42:59] [info] Module: C:\Windows\System32\AppXDeploymentClient.dll is selected because it matches selected pattern: *
[2026-03-20 13:42:59] [info] Module: C:\Windows\System32\imagehlp.dll is selected because it matches selected pattern: *
[2026-03-20 13:42:59] [info] Module: C:\Windows\System32\AppXDeploymentClient.dll is selected because it matches selected pattern: *
[2026-03-20 13:42:59] [info] Module: C:\Windows\System32\imagehlp.dll is selected because it matches selected pattern: *
[2026-03-20 13:42:59] [info] Module: C:\Windows\System32\AppXDeploymentClient.dll is selected because it matches selected pattern: *
[2026-03-20 13:42:59] [info] Module: C:\Windows\System32\imagehlp.dll is selected because it matches selected pattern: *
[2026-03-20 13:42:59] [info] Module: C:\Windows\System32\AppXDeploymentClient.dll is selected because it matches selected pattern: *
[2026-03-20 13:42:59] [info] Module: C:\Windows\System32\imagehlp.dll is selected because it matches selected pattern: *
[2026-03-20 13:42:59] [info] Module: C:\Windows\System32\AppXDeploymentClient.dll is selected because it matches selected pattern: *
[2026-03-20 13:42:59] [info] Module: C:\Windows\System32\imagehlp.dll is selected because it matches selected pattern: *
[2026-03-20 13:42:59] [info] Module: C:\Windows\System32\AppXDeploymentClient.dll is selected because it matches selected pattern: *
[2026-03-20 13:42:59] [info] Module: C:\Windows\System32\imagehlp.dll is selected because it matches selected pattern: *
[2026-03-20 13:42:59] [info] Module: C:\Windows\System32\AppXDeploymentClient.dll is selected because it matches selected pattern: *
[2026-03-20 13:42:59] [info] Module: C:\Windows\System32\imagehlp.dll is selected because it matches selected pattern: *
[2026-03-20 13:42:59] [info] Module: C:\Windows\System32\AppXDeploymentClient.dll is selected because it matches selected pattern: *
[2026-03-20 13:42:59] [info] Module: C:\Windows\System32\imagehlp.dll is selected because it matches selected pattern: *
[2026-03-20 13:42:59] [info] Module: C:\Windows\System32\AppXDeploymentClient.dll is selected because it matches selected pattern: *
[2026-03-20 13:42:59] [info] Module: C:\Windows\System32\imagehlp.dll is selected because it matches selected pattern: *
[2026-03-20 13:42:59] [info] Module: C:\Windows\System32\AppXDeploymentClient.dll is selected because it matches selected pattern: *
[2026-03-20 13:42:59] [info] Module: C:\Windows\System32\imagehlp.dll is selected because it matches selected pattern: *
[2026-03-20 13:42:59] [info] Module: C:\Windows\System32\AppXDeploymentClient.dll is selected because it matches selected pattern: *
[2026-03-20 13:42:59] [info] Module: C:\Windows\System32\imagehlp.dll is selected because it matches selected pattern: *
[2026-03-20 13:42:59] [info] Module: C:\Windows\System32\AppXDeploymentClient.dll is selected because it matches selected pattern: *
[2026-03-20 13:42:59] [info] Module: C:\Windows\System32\imagehlp.dll is selected because it matches selected pattern: *
[2026-03-20 13:42:59] [info] Module: C:\Windows\System32\AppXDeploymentClient.dll is selected because it matches selected pattern: *
[2026-03-20 13:42:59] [info] Module: C:\Windows\System32\imagehlp.dll is selected because it matches selected pattern: *
[2026-03-20 13:42:59] [info] Module: C:\Windows\System32\AppXDeploymentClient.dll is selected because it matches selected pattern: *
[2026-03-20 13:42:59] [info] Module: C:\Windows\System32\imagehlp.dll is selected because it matches selected pattern: *
[2026-03-20 13:42:59] [info] Module: C:\Windows\System32\AppXDeploymentClient.dll is selected because it matches selected pattern: *
[2026-03-20 13:42:59] [info] Module: C:\Windows\System32\imagehlp.dll is selected because it matches selected pattern: *
[2026-03-20 13:42:59] [info] Module: C:\Windows\System32\AppXDeploymentClient.dll is selected because it matches selected pattern: *
[2026-03-20 13:42:59] [info] Module: C:\Windows\System32\imagehlp.dll is selected because it matches selected pattern: *
[2026-03-20 13:42:59] [info] Module: C:\Windows\System32\AppXDeploymentClient.dll is selected because it matches selected pattern: *
[2026-03-20 13:42:59] [info] Module: C:\Windows\System32\imagehlp.dll is selected because it matches selected pattern: *
[2026-03-20 13:42:59] [info] Module: C:\Windows\System32\AppXDeploymentClient.dll is selected because it matches selected pattern: *
[2026-03-20 13:42:59] [info] Module: C:\Windows\System32\imagehlp.dll is selected because it matches selected pattern: *
[2026-03-20 13:42:59] [info] Module: C:\Windows\System32\AppXDeploymentClient.dll is selected because it matches selected pattern: *
[2026-03-20 13:42:59] [info] Module: C:\Windows\System32\imagehlp.dll is selected because it matches selected pattern: *
[2026-03-20 13:42:59] [info] Module: C:\Windows\System32\AppXDeploymentClient.dll is selected because it matches selected pattern: *
[2026-03-20 13:42:59] [info] Module: C:\Windows\System32\imagehlp.dll is selected because it matches selected pattern: *
[2026-03-20 13:42:59] [info] Module: C:\Windows\System32\AppXDeploymentClient.dll is selected because it matches selected pattern: *
[2026-03-20 13:42:59] [info] Module: C:\Windows\System32\imagehlp.dll is selected because it matches selected pattern: *
[2026-03-20 13:42:59] [info] Module: C:\Windows\System32\AppXDeploymentClient.dll is selected because it matches selected pattern: *
[2026-03-20 13:42:59] [info] Module: C:\Windows\System32\imagehlp.dll is selected because it matches selected pattern: *
[2026-03-20 13:42:59] [info] Module: C:\Windows\System32\AppXDeploymentClient.dll is selected because it matches selected pattern: *
[2026-03-20 13:42:59] [info] Module: C:\Windows\System32\imagehlp.dll is selected because it matches selected pattern: *
[2026-03-20 13:42:59] [info] Module: C:\Windows\System32\AppXDeploymentClient.dll is selected because it matches selected pattern: *
[2026-03-20 13:42:59] [info] Module: C:\Windows\System32\imagehlp.dll is selected because it matches selected pattern: *
[2026-03-20 13:42:59] [info] Module: C:\Windows\System32\AppXDeploymentClient.dll is selected because it matches selected pattern: *
[2026-03-20 13:42:59] [info] Module: C:\Windows\System32\imagehlp.dll is selected because it matches selected pattern: *
[2026-03-20 13:42:59] [info] Module: C:\Windows\System32\AppXDeploymentClient.dll is selected because it matches selected pattern: *
[2026-03-20 13:42:59] [info] Module: C:\Windows\System32\imagehlp.dll is selected because it matches selected pattern: *
[2026-03-20 13:42:59] [info] Module: C:\Windows\System32\AppXDeploymentClient.dll is selected because it matches selected pattern: *
[2026-03-20 13:42:59] [info] Module: C:\Windows\System32\imagehlp.dll is selected because it matches selected pattern: *
[2026-03-20 13:42:59] [info] Module: C:\Windows\System32\AppXDeploymentClient.dll is selected because it matches selected pattern: *
[2026-03-20 13:42:59] [info] Module: C:\Windows\System32\imagehlp.dll is selected because it matches selected pattern: *
[2026-03-20 13:42:59] [info] Module: C:\Windows\System32\AppXDeploymentClient.dll is selected because it matches selected pattern: *
[2026-03-20 13:42:59] [info] Module: C:\Windows\System32\imagehlp.dll is selected because it matches selected pattern: *
[2026-03-20 13:42:59] [info] Module: C:\Windows\System32\AppXDeploymentClient.dll is selected because it matches selected pattern: *
[2026-03-20 13:42:59] [info] Module: C:\Windows\System32\imagehlp.dll is selected because it matches selected pattern: *
[2026-03-20 13:42:59] [info] Module: C:\Windows\System32\AppXDeploymentClient.dll is selected because it matches selected pattern: *
[2026-03-20 13:42:59] [info] Module: C:\Windows\System32\imagehlp.dll is selected because it matches selected pattern: *
[2026-03-20 13:42:59] [info] Module: C:\Windows\System32\AppXDeploymentClient.dll is selected because it matches selected pattern: *
[2026-03-20 13:42:59] [info] Module: C:\Windows\System32\imagehlp.dll is selected because it matches selected pattern: *
[2026-03-20 13:43:00] [info] Module: C:\Windows\System32\AppXDeploymentClient.dll is selected because it matches selected pattern: *
[2026-03-20 13:43:00] [info] Module: C:\Windows\System32\imagehlp.dll is selected because it matches selected pattern: *
[2026-03-20 13:43:00] [info] Module: C:\Windows\System32\edputil.dll is selected because it matches selected pattern: *
[2026-03-20 13:43:00] [info] Module: C:\Windows\System32\AppXDeploymentClient.dll is selected because it matches selected pattern: *
[2026-03-20 13:43:00] [info] Module: C:\Windows\System32\imagehlp.dll is selected because it matches selected pattern: *
[2026-03-20 13:43:00] [info] Module: C:\Windows\System32\AppXDeploymentClient.dll is selected because it matches selected pattern: *
[2026-03-20 13:43:00] [info] Module: C:\Windows\System32\imagehlp.dll is selected because it matches selected pattern: *
[2026-03-20 13:43:00] [info] Module: C:\Windows\System32\AppXDeploymentClient.dll is selected because it matches selected pattern: *
[2026-03-20 13:43:00] [info] Module: C:\Windows\System32\imagehlp.dll is selected because it matches selected pattern: *
[2026-03-20 13:43:00] [info] Module: C:\Windows\System32\AppXDeploymentClient.dll is selected because it matches selected pattern: *
[2026-03-20 13:43:00] [info] Module: C:\Windows\System32\imagehlp.dll is selected because it matches selected pattern: *
[2026-03-20 13:43:00] [info] Module: C:\Windows\System32\AppXDeploymentClient.dll is selected because it matches selected pattern: *
[2026-03-20 13:43:00] [info] Module: C:\Windows\System32\imagehlp.dll is selected because it matches selected pattern: *
[2026-03-20 13:43:00] [info] Module: C:\Windows\System32\AppXDeploymentClient.dll is selected because it matches selected pattern: *
[2026-03-20 13:43:00] [info] Module: C:\Windows\System32\imagehlp.dll is selected because it matches selected pattern: *
[2026-03-20 13:43:00] [info] Module: C:\Windows\System32\AppXDeploymentClient.dll is selected because it matches selected pattern: *
[2026-03-20 13:43:00] [info] Module: C:\Windows\System32\imagehlp.dll is selected because it matches selected pattern: *
[2026-03-20 13:43:00] [info] Module: C:\Windows\System32\AppXDeploymentClient.dll is selected because it matches selected pattern: *
[2026-03-20 13:43:00] [info] Module: C:\Windows\System32\imagehlp.dll is selected because it matches selected pattern: *
[2026-03-20 13:43:00] [info] Module: C:\Windows\System32\AppXDeploymentClient.dll is selected because it matches selected pattern: *
[2026-03-20 13:43:00] [info] Module: C:\Windows\System32\imagehlp.dll is selected because it matches selected pattern: *
[2026-03-20 13:43:00] [info] Module: C:\Windows\System32\AppXDeploymentClient.dll is selected because it matches selected pattern: *
[2026-03-20 13:43:00] [info] Module: C:\Windows\System32\imagehlp.dll is selected because it matches selected pattern: *
[2026-03-20 13:43:00] [info] Module: C:\Windows\System32\AppXDeploymentClient.dll is selected because it matches selected pattern: *
[2026-03-20 13:43:00] [info] Module: C:\Windows\System32\imagehlp.dll is selected because it matches selected pattern: *
[2026-03-20 13:43:00] [info] Module: C:\Windows\System32\AppXDeploymentClient.dll is selected because it matches selected pattern: *
[2026-03-20 13:43:00] [info] Module: C:\Windows\System32\imagehlp.dll is selected because it matches selected pattern: *
[2026-03-20 13:43:00] [info] Module: C:\Windows\System32\AppXDeploymentClient.dll is selected because it matches selected pattern: *
[2026-03-20 13:43:00] [info] Module: C:\Windows\System32\imagehlp.dll is selected because it matches selected pattern: *
[2026-03-20 13:43:00] [info] Module: C:\Windows\System32\AppXDeploymentClient.dll is selected because it matches selected pattern: *
[2026-03-20 13:43:00] [info] Module: C:\Windows\System32\imagehlp.dll is selected because it matches selected pattern: *
[2026-03-20 13:43:00] [info] Module: C:\Windows\System32\AppXDeploymentClient.dll is selected because it matches selected pattern: *
[2026-03-20 13:43:00] [info] Module: C:\Windows\System32\imagehlp.dll is selected because it matches selected pattern: *
[2026-03-20 13:43:00] [info] Module: C:\Windows\System32\AppXDeploymentClient.dll is selected because it matches selected pattern: *
[2026-03-20 13:43:00] [info] Module: C:\Windows\System32\imagehlp.dll is selected because it matches selected pattern: *
[2026-03-20 13:43:00] [info] Module: C:\Windows\System32\AppXDeploymentClient.dll is selected because it matches selected pattern: *
[2026-03-20 13:43:00] [info] Module: C:\Windows\System32\imagehlp.dll is selected because it matches selected pattern: *
[2026-03-20 13:43:00] [info] Module: C:\Windows\System32\AppXDeploymentClient.dll is selected because it matches selected pattern: *
[2026-03-20 13:43:00] [info] Module: C:\Windows\System32\imagehlp.dll is selected because it matches selected pattern: *
[2026-03-20 13:43:00] [info] Module: C:\Windows\System32\AppXDeploymentClient.dll is selected because it matches selected pattern: *
[2026-03-20 13:43:00] [info] Module: C:\Windows\System32\imagehlp.dll is selected because it matches selected pattern: *
[2026-03-20 13:43:00] [info] Module: C:\Windows\System32\AppXDeploymentClient.dll is selected because it matches selected pattern: *
[2026-03-20 13:43:00] [info] Module: C:\Windows\System32\imagehlp.dll is selected because it matches selected pattern: *
[2026-03-20 13:43:00] [info] Module: C:\Windows\System32\AppXDeploymentClient.dll is selected because it matches selected pattern: *
[2026-03-20 13:43:00] [info] Module: C:\Windows\System32\imagehlp.dll is selected because it matches selected pattern: *
[2026-03-20 13:43:00] [info] Module: C:\Windows\System32\AppXDeploymentClient.dll is selected because it matches selected pattern: *
[2026-03-20 13:43:00] [info] Module: C:\Windows\System32\imagehlp.dll is selected because it matches selected pattern: *
[2026-03-20 13:43:00] [info] Module: C:\Windows\System32\AppXDeploymentClient.dll is selected because it matches selected pattern: *
[2026-03-20 13:43:00] [info] Module: C:\Windows\System32\imagehlp.dll is selected because it matches selected pattern: *
[2026-03-20 13:43:00] [info] Module: C:\Windows\System32\AppXDeploymentClient.dll is selected because it matches selected pattern: *
[2026-03-20 13:43:00] [info] Module: C:\Windows\System32\imagehlp.dll is selected because it matches selected pattern: *
[2026-03-20 13:43:00] [info] Module: C:\Windows\System32\AppXDeploymentClient.dll is selected because it matches selected pattern: *
[2026-03-20 13:43:00] [info] Module: C:\Windows\System32\imagehlp.dll is selected because it matches selected pattern: *
[2026-03-20 13:43:00] [info] Module: C:\Windows\System32\AppXDeploymentClient.dll is selected because it matches selected pattern: *
[2026-03-20 13:43:00] [info] Module: C:\Windows\System32\imagehlp.dll is selected because it matches selected pattern: *
[2026-03-20 13:43:00] [info] Module: C:\Windows\System32\AppXDeploymentClient.dll is selected because it matches selected pattern: *
[2026-03-20 13:43:00] [info] Module: C:\Windows\System32\imagehlp.dll is selected because it matches selected pattern: *
[2026-03-20 13:43:00] [info] Module: C:\Windows\System32\AppXDeploymentClient.dll is selected because it matches selected pattern: *
[2026-03-20 13:43:00] [info] Module: C:\Windows\System32\imagehlp.dll is selected because it matches selected pattern: *
[2026-03-20 13:43:00] [info] Module: C:\Windows\System32\AppXDeploymentClient.dll is selected because it matches selected pattern: *
[2026-03-20 13:43:00] [info] Module: C:\Windows\System32\imagehlp.dll is selected because it matches selected pattern: *
[2026-03-20 13:43:00] [info] Module: C:\Windows\System32\AppXDeploymentClient.dll is selected because it matches selected pattern: *
[2026-03-20 13:43:00] [info] Module: C:\Windows\System32\imagehlp.dll is selected because it matches selected pattern: *
[2026-03-20 13:43:00] [info] Module: C:\Windows\System32\AppXDeploymentClient.dll is selected because it matches selected pattern: *
[2026-03-20 13:43:00] [info] Module: C:\Windows\System32\imagehlp.dll is selected because it matches selected pattern: *
[2026-03-20 13:43:00] [info] Module: C:\Windows\System32\AppXDeploymentClient.dll is selected because it matches selected pattern: *
[2026-03-20 13:43:00] [info] Module: C:\Windows\System32\imagehlp.dll is selected because it matches selected pattern: *
[2026-03-20 13:43:00] [info] Module: C:\Windows\System32\AppXDeploymentClient.dll is selected because it matches selected pattern: *
[2026-03-20 13:43:00] [info] Module: C:\Windows\System32\imagehlp.dll is selected because it matches selected pattern: *
[2026-03-20 13:43:00] [info] Module: C:\Windows\System32\AppXDeploymentClient.dll is selected because it matches selected pattern: *
[2026-03-20 13:43:00] [info] Module: C:\Windows\System32\imagehlp.dll is selected because it matches selected pattern: *
[2026-03-20 13:43:00] [info] Module: C:\Windows\System32\AppXDeploymentClient.dll is selected because it matches selected pattern: *
[2026-03-20 13:43:00] [info] Module: C:\Windows\System32\imagehlp.dll is selected because it matches selected pattern: *
[2026-03-20 13:43:00] [info] Module: C:\Windows\System32\AppXDeploymentClient.dll is selected because it matches selected pattern: *
[2026-03-20 13:43:00] [info] Module: C:\Windows\System32\imagehlp.dll is selected because it matches selected pattern: *
[2026-03-20 13:43:00] [info] Module: C:\Windows\System32\AppXDeploymentClient.dll is selected because it matches selected pattern: *
[2026-03-20 13:43:00] [info] Module: C:\Windows\System32\imagehlp.dll is selected because it matches selected pattern: *
[2026-03-20 13:43:00] [info] Module: C:\Windows\System32\AppXDeploymentClient.dll is selected because it matches selected pattern: *
[2026-03-20 13:43:00] [info] Module: C:\Windows\System32\imagehlp.dll is selected because it matches selected pattern: *
[2026-03-20 13:43:00] [info] Module: C:\Windows\System32\AppXDeploymentClient.dll is selected because it matches selected pattern: *
[2026-03-20 13:43:00] [info] Module: C:\Windows\System32\imagehlp.dll is selected because it matches selected pattern: *
[2026-03-20 13:43:00] [info] Module: C:\Windows\System32\AppXDeploymentClient.dll is selected because it matches selected pattern: *
[2026-03-20 13:43:00] [info] Module: C:\Windows\System32\imagehlp.dll is selected because it matches selected pattern: *
[2026-03-20 13:43:00] [info] Module: C:\Windows\System32\AppXDeploymentClient.dll is selected because it matches selected pattern: *
[2026-03-20 13:43:00] [info] Module: C:\Windows\System32\imagehlp.dll is selected because it matches selected pattern: *
[2026-03-20 13:43:00] [info] Module: C:\Windows\System32\AppXDeploymentClient.dll is selected because it matches selected pattern: *
[2026-03-20 13:43:00] [info] Module: C:\Windows\System32\imagehlp.dll is selected because it matches selected pattern: *
[2026-03-20 13:43:00] [info] Module: C:\Windows\System32\AppXDeploymentClient.dll is selected because it matches selected pattern: *
[2026-03-20 13:43:00] [info] Module: C:\Windows\System32\imagehlp.dll is selected because it matches selected pattern: *
[2026-03-20 13:43:00] [info] Module: C:\Windows\System32\AppXDeploymentClient.dll is selected because it matches selected pattern: *
[2026-03-20 13:43:00] [info] Module: C:\Windows\System32\imagehlp.dll is selected because it matches selected pattern: *
[2026-03-20 13:43:00] [info] Module: C:\Windows\System32\AppXDeploymentClient.dll is selected because it matches selected pattern: *
[2026-03-20 13:43:00] [info] Module: C:\Windows\System32\imagehlp.dll is selected because it matches selected pattern: *
[2026-03-20 13:43:00] [info] Module: C:\Windows\System32\AppXDeploymentClient.dll is selected because it matches selected pattern: *
[2026-03-20 13:43:00] [info] Module: C:\Windows\System32\imagehlp.dll is selected because it matches selected pattern: *
[2026-03-20 13:43:00] [info] Module: C:\Windows\System32\AppXDeploymentClient.dll is selected because it matches selected pattern: *
[2026-03-20 13:43:00] [info] Module: C:\Windows\System32\imagehlp.dll is selected because it matches selected pattern: *
[2026-03-20 13:43:00] [info] Module: C:\Windows\System32\AppXDeploymentClient.dll is selected because it matches selected pattern: *
[2026-03-20 13:43:00] [info] Module: C:\Windows\System32\imagehlp.dll is selected because it matches selected pattern: *
[2026-03-20 13:43:00] [info] Module: C:\Windows\System32\AppXDeploymentClient.dll is selected because it matches selected pattern: *
[2026-03-20 13:43:00] [info] Module: C:\Windows\System32\imagehlp.dll is selected because it matches selected pattern: *
[2026-03-20 13:43:00] [info] Module: C:\Windows\System32\AppXDeploymentClient.dll is selected because it matches selected pattern: *
[2026-03-20 13:43:00] [info] Module: C:\Windows\System32\imagehlp.dll is selected because it matches selected pattern: *
[2026-03-20 13:43:00] [info] Module: C:\Windows\System32\AppXDeploymentClient.dll is selected because it matches selected pattern: *
[2026-03-20 13:43:00] [info] Module: C:\Windows\System32\imagehlp.dll is selected because it matches selected pattern: *
[2026-03-20 13:43:00] [info] Module: C:\Windows\System32\AppXDeploymentClient.dll is selected because it matches selected pattern: *
[2026-03-20 13:43:00] [info] Module: C:\Windows\System32\imagehlp.dll is selected because it matches selected pattern: *
[2026-03-20 13:43:00] [info] Module: C:\Windows\System32\AppXDeploymentClient.dll is selected because it matches selected pattern: *
[2026-03-20 13:43:00] [info] Module: C:\Windows\System32\imagehlp.dll is selected because it matches selected pattern: *
[2026-03-20 13:43:00] [info] Module: C:\Windows\System32\AppXDeploymentClient.dll is selected because it matches selected pattern: *
[2026-03-20 13:43:00] [info] Module: C:\Windows\System32\imagehlp.dll is selected because it matches selected pattern: *
[2026-03-20 13:43:00] [info] Module: C:\Windows\System32\AppXDeploymentClient.dll is selected because it matches selected pattern: *
[2026-03-20 13:43:00] [info] Module: C:\Windows\System32\imagehlp.dll is selected because it matches selected pattern: *
[2026-03-20 13:43:00] [info] Module: C:\Windows\System32\AppXDeploymentClient.dll is selected because it matches selected pattern: *
[2026-03-20 13:43:00] [info] Module: C:\Windows\System32\imagehlp.dll is selected because it matches selected pattern: *
[2026-03-20 13:43:00] [info] Module: C:\Windows\System32\AppXDeploymentClient.dll is selected because it matches selected pattern: *
[2026-03-20 13:43:00] [info] Module: C:\Windows\System32\imagehlp.dll is selected because it matches selected pattern: *
[2026-03-20 13:43:00] [info] Module: C:\Windows\System32\AppXDeploymentClient.dll is selected because it matches selected pattern: *
[2026-03-20 13:43:00] [info] Module: C:\Windows\System32\imagehlp.dll is selected because it matches selected pattern: *
[2026-03-20 13:43:00] [info] Module: C:\Windows\System32\AppXDeploymentClient.dll is selected because it matches selected pattern: *
[2026-03-20 13:43:00] [info] Module: C:\Windows\System32\imagehlp.dll is selected because it matches selected pattern: *
[2026-03-20 13:43:00] [info] Module: C:\Windows\System32\AppXDeploymentClient.dll is selected because it matches selected pattern: *
[2026-03-20 13:43:00] [info] Module: C:\Windows\System32\imagehlp.dll is selected because it matches selected pattern: *
[2026-03-20 13:43:00] [info] Module: C:\Windows\System32\AppXDeploymentClient.dll is selected because it matches selected pattern: *
[2026-03-20 13:43:00] [info] Module: C:\Windows\System32\imagehlp.dll is selected because it matches selected pattern: *
[2026-03-20 13:43:00] [info] Module: C:\Windows\System32\AppXDeploymentClient.dll is selected because it matches selected pattern: *
[2026-03-20 13:43:00] [info] Module: C:\Windows\System32\imagehlp.dll is selected because it matches selected pattern: *
[2026-03-20 13:43:00] [info] Module: C:\Windows\System32\AppXDeploymentClient.dll is selected because it matches selected pattern: *
[2026-03-20 13:43:00] [info] Module: C:\Windows\System32\imagehlp.dll is selected because it matches selected pattern: *
[2026-03-20 13:43:00] [info] Module: C:\Windows\System32\AppXDeploymentClient.dll is selected because it matches selected pattern: *
[2026-03-20 13:43:00] [info] Module: C:\Windows\System32\imagehlp.dll is selected because it matches selected pattern: *
[2026-03-20 13:43:00] [info] Module: C:\Windows\System32\AppXDeploymentClient.dll is selected because it matches selected pattern: *
[2026-03-20 13:43:00] [info] Module: C:\Windows\System32\imagehlp.dll is selected because it matches selected pattern: *
[2026-03-20 13:43:00] [info] Module: C:\Windows\System32\AppXDeploymentClient.dll is selected because it matches selected pattern: *
[2026-03-20 13:43:00] [info] Module: C:\Windows\System32\imagehlp.dll is selected because it matches selected pattern: *
[2026-03-20 13:43:00] [info] Module: C:\Windows\System32\AppXDeploymentClient.dll is selected because it matches selected pattern: *
[2026-03-20 13:43:00] [info] Module: C:\Windows\System32\imagehlp.dll is selected because it matches selected pattern: *
[2026-03-20 13:43:00] [info] Module: C:\Windows\System32\AppXDeploymentClient.dll is selected because it matches selected pattern: *
[2026-03-20 13:43:00] [info] Module: C:\Windows\System32\imagehlp.dll is selected because it matches selected pattern: *
[2026-03-20 13:43:07] [info] Module: C:\Windows\System32\OnDemandConnRouteHelper.dll is selected because it matches selected pattern: *
[2026-03-20 13:43:07] [info] Module: C:\Windows\System32\wintrust.dll is selected because it matches selected pattern: *
[2026-03-20 13:43:07] [info] Module: C:\Windows\System32\cryptsp.dll is selected because it matches selected pattern: *
[2026-03-20 13:43:07] [info] Module: C:\Windows\System32\rsaenh.dll is selected because it matches selected pattern: *
[2026-03-20 13:43:07] [info] Module: C:\Windows\System32\cryptnet.dll is selected because it matches selected pattern: *
[2026-03-20 13:43:09] [info] Module: C:\Windows\System32\networkexplorer.dll is selected because it matches selected pattern: *
[2026-03-20 13:43:09] [info] Module: C:\Windows\System32\cldapi.dll is selected because it matches selected pattern: *
[2026-03-20 13:43:09] [info] Module: C:\Windows\System32\virtdisk.dll is selected because it matches selected pattern: *
[2026-03-20 13:43:09] [info] Module: C:\Windows\System32\wldp.dll is selected because it matches selected pattern: *
[2026-03-20 13:43:09] [info] Module: C:\Windows\System32\mpr.dll is selected because it matches selected pattern: *
[2026-03-20 13:43:18] [info] Module: C:\Windows\System32\dui70.dll is selected because it matches selected pattern: *
[2026-03-20 13:43:18] [info] Module: C:\Windows\System32\duser.dll is selected because it matches selected pattern: *
[2026-03-20 13:43:18] [info] Module: C:\Program Files\Common Files\microsoft shared\ink\tiptsf.dll is selected because it matches selected pattern: *
[2026-03-20 13:43:18] [info] Module: C:\Windows\System32\oleacc.dll is selected because it matches selected pattern: *
[2026-03-20 13:43:18] [info] Module: C:\Windows\System32\sxs.dll is selected because it matches selected pattern: *
[2026-03-20 13:43:18] [info] Module: C:\Windows\System32\UIAutomationCore.dll is selected because it matches selected pattern: *
[2026-03-20 13:43:18] [info] Module: C:\Windows\System32\ExplorerFrame.dll is selected because it matches selected pattern: *
[2026-03-20 13:43:18] [info] Module: C:\Windows\System32\thumbcache.dll is selected because it matches selected pattern: *
[2026-03-20 13:43:18] [info] Module: C:\Windows\System32\DataExchange.dll is selected because it matches selected pattern: *
[2026-03-20 13:43:18] [info] Module: C:\Windows\System32\msftedit.dll is selected because it matches selected pattern: *
[2026-03-20 13:43:18] [info] Module: C:\Windows\System32\Windows.Globalization.dll is selected because it matches selected pattern: *
[2026-03-20 13:43:18] [info] Module: C:\Windows\System32\globinputhost.dll is selected because it matches selected pattern: *
[2026-03-20 13:43:18] [info] Module: C:\Windows\System32\xmllite.dll is selected because it matches selected pattern: *
[2026-03-20 13:43:18] [info] Module: C:\Windows\System32\atlthunk.dll is selected because it matches selected pattern: *
[2026-03-20 13:43:18] [info] Module: C:\Windows\System32\StructuredQuery.dll is selected because it matches selected pattern: *
[2026-03-20 13:43:18] [info] Module: C:\Windows\System32\icu.dll is selected because it matches selected pattern: *
[2026-03-20 13:43:19] [info] Module: C:\Windows\System32\Windows.Storage.Search.dll is selected because it matches selected pattern: *
[2026-03-20 13:43:19] [info] Module: C:\Windows\System32\windowsudk.shellcommon.dll is selected because it matches selected pattern: *
[2026-03-20 13:43:19] [info] Module: C:\Windows\System32\Windows.UI.Immersive.dll is selected because it matches selected pattern: *
[2026-03-20 13:43:19] [info] Module: C:\Windows\System32\p9np.dll is selected because it matches selected pattern: *
[2026-03-20 13:43:19] [info] Module: C:\Windows\System32\drprov.dll is selected because it matches selected pattern: *
[2026-03-20 13:43:19] [info] Module: C:\Windows\System32\ntlanman.dll is selected because it matches selected pattern: *
[2026-03-20 13:43:19] [info] Module: C:\Windows\System32\davclnt.dll is selected because it matches selected pattern: *
[2026-03-20 13:43:19] [info] Module: C:\Windows\System32\wkscli.dll is selected because it matches selected pattern: *
[2026-03-20 13:43:19] [info] Module: C:\Windows\System32\dlnashext.dll is selected because it matches selected pattern: *
[2026-03-20 13:43:19] [info] Module: C:\Windows\System32\PlayToDevice.dll is selected because it matches selected pattern: *
[2026-03-20 13:43:19] [info] Module: C:\Windows\System32\DevDispItemProvider.dll is selected because it matches selected pattern: *
[2026-03-20 13:43:19] [info] Module: C:\Windows\System32\MMDevAPI.dll is selected because it matches selected pattern: *
[2026-03-20 13:43:19] [info] Module: C:\Windows\System32\devobj.dll is selected because it matches selected pattern: *
[2026-03-20 13:43:19] [info] Module: C:\Windows\System32\twinapi.dll is selected because it matches selected pattern: *
[2026-03-20 13:43:19] [info] Module: C:\Windows\System32\wpdshext.dll is selected because it matches selected pattern: *
[2026-03-20 13:43:19] [info] Module: C:\Windows\System32\PortableDeviceApi.dll is selected because it matches selected pattern: *
[2026-03-20 13:43:19] [info] Module: C:\Windows\System32\setupapi.dll is selected because it matches selected pattern: *
[2026-03-20 13:43:19] [info] Module: C:\Windows\System32\coml2.dll is selected because it matches selected pattern: *
[2026-03-20 13:43:19] [info] Module: C:\Windows\System32\EhStorShell.dll is selected because it matches selected pattern: *
[2026-03-20 13:43:19] [info] Module: C:\Windows\System32\EhStorAPI.dll is selected because it matches selected pattern: *
[2026-03-20 13:43:19] [info] Module: C:\Windows\System32\wtsapi32.dll is selected because it matches selected pattern: *
[2026-03-20 13:43:19] [info] Module: C:\Windows\System32\winmm.dll is selected because it matches selected pattern: *
[2026-03-20 13:43:19] [info] Module: C:\Windows\System32\actxprxy.dll is selected because it matches selected pattern: *
[2026-03-20 13:43:19] [info] Module: C:\Program Files\Microsoft OneDrive\26.040.0301.0001\FileSyncShell64.dll is selected because it matches selected pattern: *
[2026-03-20 13:43:19] [info] Module: C:\Windows\System32\mssprxy.dll is selected because it matches selected pattern: *
[2026-03-20 13:43:19] [info] Module: C:\Program Files (x86)\Common Files\Adobe\CoreSyncExtension\CoreSync_x64.dll is selected because it matches selected pattern: *
[2026-03-20 13:43:19] [info] Module: C:\Windows\System32\mscoree.dll is selected because it matches selected pattern: *
[2026-03-20 13:43:19] [info] Module: C:\Windows\Microsoft.NET\Framework64\v4.0.30319\mscoreei.dll is selected because it matches selected pattern: *
[2026-03-20 13:43:19] [info] Module: C:\Windows\Microsoft.NET\Framework64\v4.0.30319\clr.dll is selected because it matches selected pattern: *
[2026-03-20 13:43:19] [info] Module: C:\Windows\System32\vcruntime140_1_clr0400.dll is selected because it matches selected pattern: *
[2026-03-20 13:43:19] [info] Module: C:\Windows\System32\ucrtbase_clr0400.dll is selected because it matches selected pattern: *
[2026-03-20 13:43:19] [info] Module: C:\Windows\System32\vcruntime140_clr0400.dll is selected because it matches selected pattern: *
[2026-03-20 13:43:19] [info] Module: C:\Windows\System32\psapi.dll is selected because it matches selected pattern: *
[2026-03-20 13:43:19] [info] Module: C:\Windows\assembly\NativeImages_v4.0.30319_64\mscorlib\afb0bf793a68e8bf3048cfd9bf9d4a69\mscorlib.ni.dll is selected because it matches selected pattern: *
[2026-03-20 13:43:19] [info] C:\Windows\assembly\NativeImages_v4.0.30319_64\mscorlib\afb0bf793a68e8bf3048cfd9bf9d4a69\mscorlib.ni.dll is skipped as it is a managed module.
[2026-03-20 13:43:19] [info] Module: C:\Windows\System32\DriverStore\FileRepository\iastorpinningcomponent.inf_amd64_d51acc8493d6b911\OptaneShellExt.dll is selected because it matches selected pattern: *
[2026-03-20 13:43:19] [info] C:\Windows\System32\DriverStore\FileRepository\iastorpinningcomponent.inf_amd64_d51acc8493d6b911\OptaneShellExt.dll is skipped as it is a managed module.
[2026-03-20 13:43:19] [info] Module: C:\Windows\System32\DriverStore\FileRepository\iastorpinningcomponent.inf_amd64_d51acc8493d6b911\OptaneShellExt.dll is selected because it matches selected pattern: *
[2026-03-20 13:43:19] [info] C:\Windows\System32\DriverStore\FileRepository\iastorpinningcomponent.inf_amd64_d51acc8493d6b911\OptaneShellExt.dll is skipped as it is a managed module.
[2026-03-20 13:43:19] [info] Module: C:\Windows\System32\DriverStore\FileRepository\iastorpinningcomponent.inf_amd64_d51acc8493d6b911\SharpShell.dll is selected because it matches selected pattern: *
[2026-03-20 13:43:19] [info] C:\Windows\System32\DriverStore\FileRepository\iastorpinningcomponent.inf_amd64_d51acc8493d6b911\SharpShell.dll is skipped as it is a managed module.
[2026-03-20 13:43:19] [info] Module: C:\Windows\System32\DriverStore\FileRepository\iastorpinningcomponent.inf_amd64_d51acc8493d6b911\SharpShell.dll is selected because it matches selected pattern: *
[2026-03-20 13:43:19] [info] C:\Windows\System32\DriverStore\FileRepository\iastorpinningcomponent.inf_amd64_d51acc8493d6b911\SharpShell.dll is skipped as it is a managed module.
[2026-03-20 13:43:19] [info] Module: C:\Windows\assembly\NativeImages_v4.0.30319_64\System\08d4f60b6930fbcf0283299a969307bf\System.ni.dll is selected because it matches selected pattern: *
[2026-03-20 13:43:19] [info] C:\Windows\assembly\NativeImages_v4.0.30319_64\System\08d4f60b6930fbcf0283299a969307bf\System.ni.dll is skipped as it is a managed module.
[2026-03-20 13:43:19] [info] Module: C:\Windows\assembly\NativeImages_v4.0.30319_64\System.Drawing\2a212cd3b2aabedd0837d4d874a3323f\System.Drawing.ni.dll is selected because it matches selected pattern: *
[2026-03-20 13:43:19] [info] C:\Windows\assembly\NativeImages_v4.0.30319_64\System.Drawing\2a212cd3b2aabedd0837d4d874a3323f\System.Drawing.ni.dll is skipped as it is a managed module.
[2026-03-20 13:43:19] [info] Module: C:\Windows\Microsoft.NET\Framework64\v4.0.30319\clrjit.dll is selected because it matches selected pattern: *
[2026-03-20 13:43:19] [info] Module: C:\Windows\System32\DriverStore\FileRepository\iastorpinningcomponent.inf_amd64_d51acc8493d6b911\PinningServiceApi.dll is selected because it matches selected pattern: *
[2026-03-20 13:43:19] [info] C:\Windows\System32\DriverStore\FileRepository\iastorpinningcomponent.inf_amd64_d51acc8493d6b911\PinningServiceApi.dll is skipped as it is a managed module.
[2026-03-20 13:43:19] [info] Module: C:\Windows\System32\DriverStore\FileRepository\iastorpinningcomponent.inf_amd64_d51acc8493d6b911\PinningServiceApi.dll is selected because it matches selected pattern: *
[2026-03-20 13:43:19] [info] C:\Windows\System32\DriverStore\FileRepository\iastorpinningcomponent.inf_amd64_d51acc8493d6b911\PinningServiceApi.dll is skipped as it is a managed module.
[2026-03-20 13:43:19] [info] Module: C:\Windows\System32\DriverStore\FileRepository\iastorpinningcomponent.inf_amd64_d51acc8493d6b911\iaStorAfsServiceApi.dll is selected because it matches selected pattern: *
[2026-03-20 13:43:19] [info] Module: C:\Windows\assembly\NativeImages_v4.0.30319_64\System.Core\164a96e87a95ed54c2a1f1fe6cca723d\System.Core.ni.dll is selected because it matches selected pattern: *
[2026-03-20 13:43:19] [info] C:\Windows\assembly\NativeImages_v4.0.30319_64\System.Core\164a96e87a95ed54c2a1f1fe6cca723d\System.Core.ni.dll is skipped as it is a managed module.
[2026-03-20 13:43:19] [info] Module: C:\Windows\assembly\NativeImages_v4.0.30319_64\System.Compba577418#\df4a2a8552cc019310c5e938a909ef29\System.ComponentModel.Composition.ni.dll is selected because it matches selected pattern: *
[2026-03-20 13:43:19] [info] C:\Windows\assembly\NativeImages_v4.0.30319_64\System.Compba577418#\df4a2a8552cc019310c5e938a909ef29\System.ComponentModel.Composition.ni.dll is skipped as it is a managed module.
[2026-03-20 13:43:19] [info] Module: C:\Windows\System32\cscui.dll is selected because it matches selected pattern: *
[2026-03-20 13:43:19] [info] Module: C:\Windows\System32\cscobj.dll is selected because it matches selected pattern: *
[2026-03-20 13:44:07] [info] ----------------------------------------------------
[2026-03-20 13:44:07] [info] Cobertura report generated: C:\Users\ashpynov\source\repos\ashpynov\AnyFSE\AnyFSE\coverage.xml
[2026-03-20 13:44:07] [info] ----------------------------------------------------
[2026-03-20 13:44:07] [info] The code coverage report is not what you expect? See the FAQ https://github.com/OpenCppCoverage/OpenCppCoverage/wiki/FAQ.
[2026-03-20 13:44:07] [error] Your program stop with error code: 1
